HabitAid SW2 Extension/build/outputs/logs/manifest-merger-debug-report.txt
-- Merging decision tree log ---
manifest
ADDED from src\main\AndroidManifest.xml:2:1-79:12
	package
		ADDED from src\main\AndroidManifest.xml:3:5-67
		INJECTED from src\main\AndroidManifest.xml
		INJECTED from src\main\AndroidManifest.xml
	android:versionName
		ADDED from src\main\AndroidManifest.xml:5:5-32
		INJECTED from src\main\AndroidManifest.xml
		INJECTED from src\main\AndroidManifest.xml
	android:versionCode
		ADDED from src\main\AndroidManifest.xml:4:5-32
		INJECTED from src\main\AndroidManifest.xml
		INJECTED from src\main\AndroidManifest.xml
	xmlns:android
		ADDED from src\main\AndroidManifest.xml:2:11-69
uses-sdk
ADDED from src\main\AndroidManifest.xml:7:5-9:41
MERGED from [HelloLayouts2:smartExtensionUtils:unspecified] AndroidManifest.xml:5:5-7:40
MERGED from [HelloLayouts2:smartExtensionAPI:unspecified] AndroidManifest.xml:5:5-7:40
	android:targetSdkVersion
		ADDED from src\main\AndroidManifest.xml:9:9-38
		INJECTED from src\main\AndroidManifest.xml
		INJECTED from src\main\AndroidManifest.xml
	android:minSdkVersion
		ADDED from src\main\AndroidManifest.xml:8:9-34
		INJECTED from src\main\AndroidManifest.xml
		INJECTED from src\main\AndroidManifest.xml
uses-permission#com.sonyericsson.extras.liveware.aef.EXTENSION_PERMISSION
ADDED from src\main\AndroidManifest.xml:11:5-97
	android:name
		ADDED from src\main\AndroidManifest.xml:11:22-94
application
ADDED from src\main\AndroidManifest.xml:13:5-77:19
	android:label
		ADDED from src\main\AndroidManifest.xml:16:9-41
	android:allowBackup
		ADDED from src\main\AndroidManifest.xml:14:9-36
	android:icon
		ADDED from src\main\AndroidManifest.xml:15:9-38
	android:theme
		ADDED from src\main\AndroidManifest.xml:17:9-51
activity#com.example.sonymobile.smartextension.habitaidsw2ext.HelloLayoutsPreferenceActivity
ADDED from src\main\AndroidManifest.xml:18:9-24:20
	android:label
		ADDED from src\main\AndroidManifest.xml:20:13-62
	android:name
		ADDED from src\main\AndroidManifest.xml:19:13-111
intent-filter#android.intent.action.MAIN
ADDED from src\main\AndroidManifest.xml:21:13-23:29
action#android.intent.action.MAIN
ADDED from src\main\AndroidManifest.xml:22:17-69
	android:name
		ADDED from src\main\AndroidManifest.xml:22:25-66
service#com.example.sonymobile.smartextension.habitaidsw2ext.HelloLayoutsExtensionService
ADDED from src\main\AndroidManifest.xml:26:9-117
	android:name
		ADDED from src\main\AndroidManifest.xml:26:18-114
service#com.sonyericsson.extras.liveware.extension.util.TunnelService
ADDED from src\main\AndroidManifest.xml:27:9-31:19
	android:name
		ADDED from src\main\AndroidManifest.xml:27:18-94
intent-filter#com.sonyericsson.extras.liveware.aef.tunnel.action.BIND
ADDED from src\main\AndroidManifest.xml:28:13-30:29
action#com.sonyericsson.extras.liveware.aef.tunnel.action.BIND
ADDED from src\main\AndroidManifest.xml:29:17-98
	android:name
		ADDED from src\main\AndroidManifest.xml:29:25-95
receiver#com.example.sonymobile.smartextension.habitaidsw2ext.MyReceiver
ADDED from src\main\AndroidManifest.xml:33:9-42:20
	android:name
		ADDED from src\main\AndroidManifest.xml:33:19-44
intent-filter#com.example.SendBroadcast+com.example.SendBroadcast.fc1+com.example.SendBroadcast.fc2+com.example.SendBroadcast.fc3+com.example.SendBroadcast.fc_cat_4+com.example.SendBroadcast.fc_lang_3
ADDED from src\main\AndroidManifest.xml:34:13-41:29
action#com.example.SendBroadcast
ADDED from src\main\AndroidManifest.xml:35:17-68
	android:name
		ADDED from src\main\AndroidManifest.xml:35:25-65
action#com.example.SendBroadcast.fc1
ADDED from src\main\AndroidManifest.xml:36:17-72
	android:name
		ADDED from src\main\AndroidManifest.xml:36:25-69
action#com.example.SendBroadcast.fc2
ADDED from src\main\AndroidManifest.xml:37:17-72
	android:name
		ADDED from src\main\AndroidManifest.xml:37:25-69
action#com.example.SendBroadcast.fc3
ADDED from src\main\AndroidManifest.xml:38:17-72
	android:name
		ADDED from src\main\AndroidManifest.xml:38:25-69
action#com.example.SendBroadcast.fc_lang_3
ADDED from src\main\AndroidManifest.xml:39:17-78
	android:name
		ADDED from src\main\AndroidManifest.xml:39:25-75
action#com.example.SendBroadcast.fc_cat_4
ADDED from src\main\AndroidManifest.xml:40:17-77
	android:name
		ADDED from src\main\AndroidManifest.xml:40:25-74
receiver#com.example.sonymobile.smartextension.habitaidsw2ext.HelloLayoutsExtensionReceiver
ADDED from src\main\AndroidManifest.xml:44:9-76:20
	android:name
		ADDED from src\main\AndroidManifest.xml:44:19-116
intent-filter#android.intent.action.LOCALE_CHANGED+com.sonyericsson.extras.aef.control.ERROR+com.sonyericsson.extras.aef.control.KEY_EVENT+com.sonyericsson.extras.aef.control.LED+com.sonyericsson.extras.aef.control.MENU_ITEM_SELECTED+com.sonyericsson.extras.aef.control.OBJECT_CLICK_EVENT+com.sonyericsson.extras.aef.control.PAUSE+com.sonyericsson.extras.aef.control.RESUME+com.sonyericsson.extras.aef.control.SEND_TEXT+com.sonyericsson.extras.aef.control.START+com.sonyericsson.extras.aef.control.STOP+com.sonyericsson.extras.aef.control.SWIPE_EVENT+com.sonyericsson.extras.aef.control.TOUCH_EVENT+com.sonyericsson.extras.aef.widget.ONTOUCH+com.sonyericsson.extras.aef.widget.START_REFRESH_IMAGE_REQUEST+com.sonyericsson.extras.aef.widget.STOP_REFRESH_IMAGE_REQUEST+com.sonyericsson.extras.liveware.aef.notification.REFRESH_REQUEST+com.sonyericsson.extras.liveware.aef.notification.VIEW_EVENT_DETAIL+com.sonyericsson.extras.liveware.aef.registration.ACCESSORY_CONNECTION+com.sonyericsson.extras.liveware.aef.registration.EXTENSION_REGISTER_REQUEST+com.sonyericsson.extras.liveware.extension.util.widget.scheduled.refresh
ADDED from src\main\AndroidManifest.xml:45:13-75:29
action#com.sonyericsson.extras.liveware.aef.registration.EXTENSION_REGISTER_REQUEST
ADDED from src\main\AndroidManifest.xml:48:17-119
	android:name
		ADDED from src\main\AndroidManifest.xml:48:25-116
action#com.sonyericsson.extras.liveware.aef.registration.ACCESSORY_CONNECTION
ADDED from src\main\AndroidManifest.xml:49:17-113
	android:name
		ADDED from src\main\AndroidManifest.xml:49:25-110
action#android.intent.action.LOCALE_CHANGED
ADDED from src\main\AndroidManifest.xml:50:17-79
	android:name
		ADDED from src\main\AndroidManifest.xml:50:25-76
action#com.sonyericsson.extras.liveware.aef.notification.VIEW_EVENT_DETAIL
ADDED from src\main\AndroidManifest.xml:53:17-110
	android:name
		ADDED from src\main\AndroidManifest.xml:53:25-107
action#com.sonyericsson.extras.liveware.aef.notification.REFRESH_REQUEST
ADDED from src\main\AndroidManifest.xml:54:17-108
	android:name
		ADDED from src\main\AndroidManifest.xml:54:25-105
action#com.sonyericsson.extras.aef.widget.START_REFRESH_IMAGE_REQUEST
ADDED from src\main\AndroidManifest.xml:57:17-105
	android:name
		ADDED from src\main\AndroidManifest.xml:57:25-102
action#com.sonyericsson.extras.aef.widget.STOP_REFRESH_IMAGE_REQUEST
ADDED from src\main\AndroidManifest.xml:58:17-104
	android:name
		ADDED from src\main\AndroidManifest.xml:58:25-101
action#com.sonyericsson.extras.aef.widget.ONTOUCH
ADDED from src\main\AndroidManifest.xml:59:17-85
	android:name
		ADDED from src\main\AndroidManifest.xml:59:25-82
action#com.sonyericsson.extras.liveware.extension.util.widget.scheduled.refresh
ADDED from src\main\AndroidManifest.xml:60:17-115
	android:name
		ADDED from src\main\AndroidManifest.xml:60:25-112
action#com.sonyericsson.extras.aef.control.START
ADDED from src\main\AndroidManifest.xml:63:17-84
	android:name
		ADDED from src\main\AndroidManifest.xml:63:25-81
action#com.sonyericsson.extras.aef.control.STOP
ADDED from src\main\AndroidManifest.xml:64:17-83
	android:name
		ADDED from src\main\AndroidManifest.xml:64:25-80
action#com.sonyericsson.extras.aef.control.PAUSE
ADDED from src\main\AndroidManifest.xml:65:17-84
	android:name
		ADDED from src\main\AndroidManifest.xml:65:25-81
action#com.sonyericsson.extras.aef.control.RESUME
ADDED from src\main\AndroidManifest.xml:66:17-85
	android:name
		ADDED from src\main\AndroidManifest.xml:66:25-82
action#com.sonyericsson.extras.aef.control.ERROR
ADDED from src\main\AndroidManifest.xml:67:17-84
	android:name
		ADDED from src\main\AndroidManifest.xml:67:25-81
action#com.sonyericsson.extras.aef.control.KEY_EVENT
ADDED from src\main\AndroidManifest.xml:68:17-88
	android:name
		ADDED from src\main\AndroidManifest.xml:68:25-85
action#com.sonyericsson.extras.aef.control.TOUCH_EVENT
ADDED from src\main\AndroidManifest.xml:69:17-90
	android:name
		ADDED from src\main\AndroidManifest.xml:69:25-87
action#com.sonyericsson.extras.aef.control.SWIPE_EVENT
ADDED from src\main\AndroidManifest.xml:70:17-90
	android:name
		ADDED from src\main\AndroidManifest.xml:70:25-87
action#com.sonyericsson.extras.aef.control.OBJECT_CLICK_EVENT
ADDED from src\main\AndroidManifest.xml:71:17-97
	android:name
		ADDED from src\main\AndroidManifest.xml:71:25-94
action#com.sonyericsson.extras.aef.control.MENU_ITEM_SELECTED
ADDED from src\main\AndroidManifest.xml:72:17-97
	android:name
		ADDED from src\main\AndroidManifest.xml:72:25-94
action#com.sonyericsson.extras.aef.control.SEND_TEXT
ADDED from src\main\AndroidManifest.xml:73:17-88
	android:name
		ADDED from src\main\AndroidManifest.xml:73:25-85
action#com.sonyericsson.extras.aef.control.LED
ADDED from src\main\AndroidManifest.xml:74:17-82
	android:name
		ADDED from src\main\AndroidManifest.xml:74:25-79